<?xml version="1.0" encoding="UTF-8"?>
<testsuite name="ExtractorTest" tests="7" skipped="0" failures="0" errors="0" timestamp="2021-08-18T14:44:20" hostname="USER301119" time="14.544">
  <properties/>
  <testcase name="we_find_words_where_they_should_be()" classname="ExtractorTest" time="1.288"/>
  <testcase name="if_URL_normal_app_but_not_wiki_add_one_URL_to_collection()" classname="ExtractorTest" time="0.675"/>
  <testcase name="bad_working_URL_do_not_increase_collection()" classname="ExtractorTest" time="0.006"/>
  <testcase name="if_URL_null_we_do_not_have_URLs_in_collection()" classname="ExtractorTest" time="0.001"/>
  <testcase name="any_working_URL_is_good()" classname="ExtractorTest" time="0.527"/>
  <testcase name="any_wiki_URL_give_good_result_with_big_number_of_URLs()" classname="ExtractorTest" time="11.001"/>
  <testcase name="we_do_not_find_unexisting_words()" classname="ExtractorTest" time="1.045"/>
  <system-out><![CDATA[1
1
1
2
3
4
5
6
7
8
9
10
11
12
13
14
15
16
17
18
19
20
21
22
23
24
25
26
27
28
29
30
31
32
33
34
35
36
37
38
39
40
41
42
43
44
45
46
47
48
49
50
51
52
53
54
55
56
57
58
59
60
61
62
63
64
65
66
67
68
69
70
71
72
73
74
75
76
77
78
79
80
81
82
83
84
85
86
87
88
89
90
91
92
93
94
95
96
97
98
99
100
]]></system-out>
  <system-err><![CDATA[]]></system-err>
</testsuite>
